<?xml version="1.0" encoding="UTF-8"?>
<!-- Generated by org.testng.reporters.JUnitReportReporter -->
<testsuite hostname="DESKTOP-SL8A88C" failures="0" tests="6" name="testNG.Test2" time="0.017" errors="0" timestamp="2022-04-20T18:11:00 IST" skipped="1">
  <testcase classname="testNG.Test2" name="calls" time="0.010"/>
  <system-out>
    <![CDATA[calls]]>
  </system-out>
  <testcase classname="testNG.Test2" name="chats" time="0.002"/>
  <system-out>
    <![CDATA[chats]]>
  </system-out>
  <testcase classname="testNG.Test2" name="settings" time="0.002"/>
  <system-out>
    <![CDATA[settings]]>
  </system-out>
  <testcase classname="testNG.Test2" name="settings" time="0.002"/>
  <system-out>
    <![CDATA[settings]]>
  </system-out>
  <testcase classname="testNG.Test2" name="settings" time="0.001"/>
  <system-out>
    <![CDATA[settings]]>
  </system-out>
  <testcase classname="testNG.Test2" name="status">
    <skipped/>
  </testcase> <!-- status -->
  <system-out/>
</testsuite> <!-- testNG.Test2 -->
