<?xml version="1.0" encoding="UTF-8"?>
<!-- Generated by org.testng.reporters.JUnitReportReporter -->
<testsuite hostname="DESKTOP-SL8A88C" failures="0" tests="1" name="testNG.Test1" time="0.013" errors="0" timestamp="2022-04-20T17:47:33 IST" skipped="0">
  <testcase classname="testNG.Test1" name="demo" time="0.013"/>
  <system-out>
    <![CDATA[Hello
Hello Selenium]]>
  </system-out>
</testsuite> <!-- testNG.Test1 -->
